[    0.000000] Initializing cgroup subsys cpuset
[    0.000000] Initializing cgroup subsys cpu
[    0.000000] Initializing cgroup subsys cpuacct
[    0.000000] Linux version 4.4.0-201-generic (buildd@lgw01-amd64-044) (gcc version 5.4.0 20160609 (Ubuntu 5.4.0-6ubuntu1~16.04.12) ) #233-Ubuntu SMP Thu Jan 14 06:10:28 UTC 2021 (Ubuntu 4.4.0-201.233-generic 4.4.247)
[    0.000000] Command line: BOOT_IMAGE=/boot/vmlinuz-4.4.0-201-generic root=LABEL=cloudimg-rootfs ro console=tty1 console=ttyS0
[    0.000000] KERNEL supported cpus:
[    0.000000]   Intel GenuineIntel
[    0.000000]   AMD AuthenticAMD
[    0.000000]   Centaur CentaurHauls
[    0.000000] [Firmware Bug]: TSC doesn't count with P0 frequency!
[    0.000000] x86/fpu: xstate_offset[2]:  576, xstate_sizes[2]:  256
[    0.000000] x86/fpu: Supporting XSAVE feature 0x01: 'x87 floating point registers'
[    0.000000] x86/fpu: Supporting XSAVE feature 0x02: 'SSE registers'
[    0.000000] x86/fpu: Supporting XSAVE feature 0x04: 'AVX registers'
[    0.000000] x86/fpu: Enabled xstate features 0x7, context size is 832 bytes, using 'standard' format.
[    0.000000] e820: BIOS-provided physical RAM map:
[    0.000000] BIOS-e820: [mem 0x0000000000000000-0x000000000009fbff] usable
[    0.000000] BIOS-e820: [mem 0x000000000009fc00-0x000000000009ffff] reserved
[    0.000000] BIOS-e820: [mem 0x00000000000f0000-0x00000000000fffff] reserved
[    0.000000] BIOS-e820: [mem 0x0000000000100000-0x00000000dffeffff] usable
[    0.000000] BIOS-e820: [mem 0x00000000dfff0000-0x00000000dfffffff] ACPI data
[    0.000000] BIOS-e820: [mem 0x00000000fec00000-0x00000000fec00fff] reserved
[    0.000000] BIOS-e820: [mem 0x00000000fee00000-0x00000000fee00fff] reserved
[    0.000000] BIOS-e820: [mem 0x00000000fffc0000-0x00000000ffffffff] reserved
[    0.000000] BIOS-e820: [mem 0x0000000100000000-0x000000021fffffff] usable
[    0.000000] NX (Execute Disable) protection: active
[    0.000000] SMBIOS 2.5 present.
[    0.000000] Hypervisor detected: KVM
[    0.000000] Kernel/User page tables isolation: disabled
[    0.000000] e820: last_pfn = 0x220000 max_arch_pfn = 0x400000000
[    0.000000] MTRR: Disabled
[    0.000000] x86/PAT: MTRRs disabled, skipping PAT initialization too.
[    0.000000] CPU MTRRs all blank - virtualized system.
[    0.000000] x86/PAT: Configuration [0-7]: WB  WT  UC- UC  WB  WT  UC- UC  
[    0.000000] e820: last_pfn = 0xdfff0 max_arch_pfn = 0x400000000
[    0.000000] found SMP MP-table at [mem 0x0009fff0-0x0009ffff] mapped at [ffff88000009fff0]
[    0.000000] Scanning 1 areas for low memory corruption
[    0.000000] RAMDISK: [mem 0x362e0000-0x37167fff]
[    0.000000] ACPI: Early table checksum verification disabled
[    0.000000] ACPI: RSDP 0x00000000000E0000 000024 (v02 VBOX  )
[    0.000000] ACPI: XSDT 0x00000000DFFF0030 00003C (v01 VBOX   VBOXXSDT 00000001 ASL  00000061)
[    0.000000] ACPI: FACP 0x00000000DFFF00F0 0000F4 (v04 VBOX   VBOXFACP 00000001 ASL  00000061)
[    0.000000] ACPI: DSDT 0x00000000DFFF0470 002325 (v02 VBOX   VBOXBIOS 00000002 INTL 20100528)
[    0.000000] ACPI: FACS 0x00000000DFFF0200 000040
[    0.000000] ACPI: FACS 0x00000000DFFF0200 000040
[    0.000000] ACPI: APIC 0x00000000DFFF0240 00005C (v02 VBOX   VBOXAPIC 00000001 ASL  00000061)
[    0.000000] ACPI: SSDT 0x00000000DFFF02A0 0001CC (v01 VBOX   VBOXCPUT 00000002 INTL 20100528)
[    0.000000] No NUMA configuration found
[    0.000000] Faking a node at [mem 0x0000000000000000-0x000000021fffffff]
[    0.000000] NODE_DATA(0) allocated [mem 0x21fff5000-0x21fff9fff]
[    0.000000] kvm-clock: Using msrs 4b564d01 and 4b564d00
[    0.000000] kvm-clock: cpu 0, msr 2:1ffed001, primary cpu clock
[    0.000000] kvm-clock: using sched offset of 3253817155 cycles
[    0.000000] clocksource: kvm-clock: mask: 0xffffffffffffffff max_cycles: 0x1cd42e4dffb, max_idle_ns: 881590591483 ns
[    0.000000] Zone ranges:
[    0.000000]   DMA      [mem 0x0000000000001000-0x0000000000ffffff]
[    0.000000]   DMA32    [mem 0x0000000001000000-0x00000000ffffffff]
[    0.000000]   Normal   [mem 0x0000000100000000-0x000000021fffffff]
[    0.000000]   Device   empty
[    0.000000] Movable zone start for each node
[    0.000000] Early memory node ranges
[    0.000000]   node   0: [mem 0x0000000000001000-0x000000000009efff]
[    0.000000]   node   0: [mem 0x0000000000100000-0x00000000dffeffff]
[    0.000000]   node   0: [mem 0x0000000100000000-0x000000021fffffff]
[    0.000000] Initmem setup node 0 [mem 0x0000000000001000-0x000000021fffffff]
[    0.000000] ACPI: PM-Timer IO Port: 0x4008
[    0.000000] IOAPIC[0]: apic_id 2, version 32, address 0xfec00000, GSI 0-23
[    0.000000] ACPI: INT_SRC_OVR (bus 0 bus_irq 0 global_irq 2 dfl dfl)
[    0.000000] ACPI: INT_SRC_OVR (bus 0 bus_irq 9 global_irq 9 low level)
[    0.000000] Using ACPI (MADT) for SMP configuration information
[    0.000000] smpboot: Allowing 2 CPUs, 0 hotplug CPUs
[    0.000000] PM: Registered nosave memory: [mem 0x00000000-0x00000fff]
[    0.000000] PM: Registered nosave memory: [mem 0x0009f000-0x0009ffff]
[    0.000000] PM: Registered nosave memory: [mem 0x000a0000-0x000effff]
[    0.000000] PM: Registered nosave memory: [mem 0x000f0000-0x000fffff]
[    0.000000] PM: Registered nosave memory: [mem 0xdfff0000-0xdfffffff]
[    0.000000] PM: Registered nosave memory: [mem 0xe0000000-0xfebfffff]
[    0.000000] PM: Registered nosave memory: [mem 0xfec00000-0xfec00fff]
[    0.000000] PM: Registered nosave memory: [mem 0xfec01000-0xfedfffff]
[    0.000000] PM: Registered nosave memory: [mem 0xfee00000-0xfee00fff]
[    0.000000] PM: Registered nosave memory: [mem 0xfee01000-0xfffbffff]
[    0.000000] PM: Registered nosave memory: [mem 0xfffc0000-0xffffffff]
[    0.000000] e820: [mem 0xe0000000-0xfebfffff] available for PCI devices
[    0.000000] Booting paravirtualized kernel on KVM
[    0.000000] clocksource: refined-jiffies: mask: 0xffffffff max_cycles: 0xffffffff, max_idle_ns: 7645519600211568 ns
[    0.000000] setup_percpu: NR_CPUS:512 nr_cpumask_bits:512 nr_cpu_ids:2 nr_node_ids:1
[    0.000000] PERCPU: Embedded 33 pages/cpu @ffff88021fc00000 s95640 r8192 d31336 u1048576
[    0.000000] Built 1 zonelists in Node order, mobility grouping on.  Total pages: 2064248
[    0.000000] Policy zone: Normal
[    0.000000] Kernel command line: BOOT_IMAGE=/boot/vmlinuz-4.4.0-201-generic root=LABEL=cloudimg-rootfs ro console=tty1 console=ttyS0
[    0.000000] PID hash table entries: 4096 (order: 3, 32768 bytes)
[    0.000000] Memory: 8156936K/8388152K available (8641K kernel code, 1337K rwdata, 4044K rodata, 1492K init, 1296K bss, 231216K reserved, 0K cma-reserved)
[    0.000000] SLUB: HWalign=64, Order=0-3, MinObjects=0, CPUs=2, Nodes=1
[    0.000000] Hierarchical RCU implementation.
[    0.000000] 	Build-time adjustment of leaf fanout to 64.
[    0.000000] 	RCU restricting CPUs from NR_CPUS=512 to nr_cpu_ids=2.
[    0.000000] RCU: Adjusting geometry for rcu_fanout_leaf=64, nr_cpu_ids=2
[    0.000000] NR_IRQS:33024 nr_irqs:440 16
[    0.000000] Console: colour VGA+ 80x25
[    0.000000] console [tty1] enabled
[    0.000000] console [ttyS0] enabled
[    0.000000] tsc: Detected 3599.994 MHz processor
[    0.508385] Calibrating delay loop (skipped) preset value.. 7199.98 BogoMIPS (lpj=14399976)
[    0.509729] pid_max: default: 32768 minimum: 301
[    0.510463] ACPI: Core revision 20150930
[    0.511931] ACPI: 2 ACPI AML tables successfully acquired and loaded
[    0.512965] Security Framework initialized
[    0.513629] Yama: becoming mindful.
[    0.514241] AppArmor: AppArmor initialized
[    0.519596] Dentry cache hash table entries: 1048576 (order: 11, 8388608 bytes)
[    0.543655] Inode-cache hash table entries: 524288 (order: 10, 4194304 bytes)
[    0.549436] Mount-cache hash table entries: 16384 (order: 5, 131072 bytes)
[    0.550468] Mountpoint-cache hash table entries: 16384 (order: 5, 131072 bytes)
[    0.551825] Initializing cgroup subsys io
[    0.552495] Initializing cgroup subsys memory
[    0.553202] Initializing cgroup subsys devices
[    0.553935] Initializing cgroup subsys freezer
[    0.554682] Initializing cgroup subsys net_cls
[    0.555392] Initializing cgroup subsys perf_event
[    0.556140] Initializing cgroup subsys net_prio
[    0.556881] Initializing cgroup subsys hugetlb
[    0.557600] Initializing cgroup subsys pids
[    0.563509] mce: CPU supports 0 MCE banks
[    0.564184] Last level iTLB entries: 4KB 1024, 2MB 1024, 4MB 512
[    0.565090] Last level dTLB entries: 4KB 1536, 2MB 1536, 4MB 768, 1GB 0
[    0.566043] Spectre V1 : Mitigation: usercopy/swapgs barriers and __user pointer sanitization
[    0.567404] Spectre V2 : Spectre mitigation: LFENCE not serializing, switching to generic retpoline
[    0.574790] Spectre V2 : Mitigation: Full generic retpoline
[    0.575637] Spectre V2 : Spectre v2 / SpectreRSB mitigation: Filling RSB on context switch
[    0.576945] Speculative Store Bypass: Mitigation: Speculative Store Bypass disabled via prctl and seccomp
[    0.580558] Freeing SMP alternatives memory: 36K
[    0.586809] ftrace: allocating 32361 entries in 127 pages
[    0.644997] smpboot: APIC(0) Converting physical 0 to logical package 0
[    0.645999] smpboot: Max logical packages: 1
[    0.652795] x2apic enabled
[    0.653516] Switched APIC routing to physical x2apic.
[    0.655305] ..TIMER: vector=0x30 apic1=0 pin1=2 apic2=-1 pin2=-1
[    0.764240] APIC calibration not consistent with PM-Timer: 104ms instead of 100ms
[    0.765545] APIC delta adjusted to PM-Timer: 6464931 (6731166)
[    0.766526] smpboot: CPU0: AMD Ryzen 5 1600X Six-Core Processor (family: 0x17, model: 0x1, stepping: 0x1)
[    0.768231] Performance Events: Broken PMU hardware detected, using software events only.
[    0.769668] Failed to access perfctr msr (MSR c0010007 is 0)
[    0.776448] KVM setup paravirtual spinlock
[    0.781809] x86: Booting SMP configuration:
[    0.782541] .... node  #0, CPUs:      #1
[    0.783319] kvm-clock: cpu 1, msr 2:1ffed041, secondary cpu clock
[    0.789306] mce: CPU supports 0 MCE banks
[    0.791721] x86: Booted up 1 node, 2 CPUs
[    0.792615] smpboot: Total of 2 processors activated (14399.97 BogoMIPS)
[    0.793941] devtmpfs: initialized
[    0.796883] evm: security.selinux
[    0.797488] evm: security.SMACK64
[    0.798094] evm: security.SMACK64EXEC
[    0.798743] evm: security.SMACK64TRANSMUTE
[    0.799443] evm: security.SMACK64MMAP
[    0.800102] evm: security.ima
[    0.800674] evm: security.capability
[    0.801451] clocksource: jiffies: mask: 0xffffffff max_cycles: 0xffffffff, max_idle_ns: 7645041785100000 ns
[    0.802952] futex hash table entries: 512 (order: 3, 32768 bytes)
[    0.803934] pinctrl core: initialized pinctrl subsystem
[    0.804890] RTC time: 17:52:54, date: 03/24/21
[    0.805806] NET: Registered protocol family 16
[    0.816230] cpuidle: using governor ladder
[    0.824066] cpuidle: using governor menu
[    0.824812] PCCT header not found.
[    0.825758] ACPI: bus type PCI registered
[    0.826455] acpiphp: ACPI Hot Plug PCI Controller Driver version: 0.5
[    0.827535] PCI: Using configuration type 1 for base access
[    0.828418] PCI: Using configuration type 1 for extended access
[    0.837218] ACPI: Added _OSI(Module Device)
[    0.837931] ACPI: Added _OSI(Processor Device)
[    0.838631] ACPI: Added _OSI(3.0 _SCP Extensions)
[    0.839361] ACPI: Added _OSI(Processor Aggregator Device)
[    0.840613] ACPI: Executed 1 blocks of module-level executable AML code
[    0.843281] ACPI: Interpreter enabled
[    0.843928] ACPI: (supports S0 S5)
[    0.844529] ACPI: Using IOAPIC for interrupt routing
[    0.853135] PCI: Using host bridge windows from ACPI; if necessary, use "pci=nocrs" and report a bug
[    0.857304] ACPI: PCI Root Bridge [PCI0] (domain 0000 [bus 00-ff])
[    0.858253] acpi PNP0A03:00: _OSC: OS supports [ExtendedConfig ASPM ClockPM Segments MSI]
[    0.860031] acpi PNP0A03:00: _OSC: platform does not support [PCIeCapability]
[    0.861331] acpi PNP0A03:00: _OSC: not requesting control; platform does not support [PCIeCapability]
[    0.862767] acpi PNP0A03:00: _OSC: OS requested [PCIeHotplug PME AER PCIeCapability]
[    0.864025] acpi PNP0A03:00: _OSC: platform willing to grant [PCIeHotplug PME AER]
[    0.865404] acpi PNP0A03:00: _OSC failed (AE_SUPPORT); disabling ASPM
[    0.866619] PCI host bridge to bus 0000:00
[    0.867297] pci_bus 0000:00: root bus resource [io  0x0000-0x0cf7 window]
[    0.868272] pci_bus 0000:00: root bus resource [io  0x0d00-0xffff window]
[    0.869243] pci_bus 0000:00: root bus resource [mem 0x000a0000-0x000bffff window]
[    0.870494] pci_bus 0000:00: root bus resource [mem 0xe0000000-0xfdffffff window]
[    0.871725] pci_bus 0000:00: root bus resource [bus 00-ff]
[    0.882042] pci 0000:00:01.1: legacy IDE quirk: reg 0x10: [io  0x01f0-0x01f7]
[    0.883082] pci 0000:00:01.1: legacy IDE quirk: reg 0x14: [io  0x03f6]
[    0.884048] pci 0000:00:01.1: legacy IDE quirk: reg 0x18: [io  0x0170-0x0177]
[    0.885075] pci 0000:00:01.1: legacy IDE quirk: reg 0x1c: [io  0x0376]
[    0.952946] pci 0000:00:07.0: quirk: [io  0x4000-0x403f] claimed by PIIX4 ACPI
[    0.954273] pci 0000:00:07.0: quirk: [io  0x4100-0x410f] claimed by PIIX4 SMB
[    0.999643] ACPI: PCI Interrupt Link [LNKA] (IRQs 5 9 10 *11)
[    1.001173] ACPI: PCI Interrupt Link [LNKB] (IRQs 5 9 *10 11)
[    1.002406] ACPI: PCI Interrupt Link [LNKC] (IRQs 5 *9 10 11)
[    1.003657] ACPI: PCI Interrupt Link [LNKD] (IRQs 5 9 10 *11)
[    1.004940] ACPI: Enabled 2 GPEs in block 00 to 07
[    1.005933] vgaarb: setting as boot device: PCI:0000:00:02.0
[    1.006793] vgaarb: device added: PCI:0000:00:02.0,decodes=io+mem,owns=io+mem,locks=none
[    1.008106] vgaarb: loaded
[    1.008641] vgaarb: bridge control possible 0000:00:02.0
[    1.009611] SCSI subsystem initialized
[    1.010349] ACPI: bus type USB registered
[    1.012079] usbcore: registered new interface driver usbfs
[    1.012928] usbcore: registered new interface driver hub
[    1.013762] usbcore: registered new device driver usb
[    1.019082] PCI: Using ACPI for IRQ routing
[    1.020017] NetLabel: Initializing
[    1.020677] NetLabel:  domain hash size = 128
[    1.021400] NetLabel:  protocols = UNLABELED CIPSOv4
[    1.022176] NetLabel:  unlabeled traffic allowed by default
[    1.023118] amd_nb: Cannot enumerate AMD northbridges
[    1.023940] clocksource: Switched to clocksource kvm-clock
[    1.037698] AppArmor: AppArmor Filesystem Enabled
[    1.038473] pnp: PnP ACPI init
[    1.039615] pnp: PnP ACPI: found 3 devices
[    1.048056] clocksource: acpi_pm: mask: 0xffffff max_cycles: 0xffffff, max_idle_ns: 2085701024 ns
[    1.049456] NET: Registered protocol family 2
[    1.050298] TCP established hash table entries: 65536 (order: 7, 524288 bytes)
[    1.051624] TCP bind hash table entries: 65536 (order: 8, 1048576 bytes)
[    1.055815] TCP: Hash tables configured (established 65536 bind 65536)
[    1.056783] UDP hash table entries: 4096 (order: 5, 131072 bytes)
[    1.057682] UDP-Lite hash table entries: 4096 (order: 5, 131072 bytes)
[    1.058662] NET: Registered protocol family 1
[    1.059366] pci 0000:00:00.0: Limiting direct PCI/PCI transfers
[    1.060271] pci 0000:00:01.0: Activating ISA DMA hang workarounds
[    1.061279] Unpacking initramfs...
[    1.313503] Freeing initrd memory: 14880K
[    1.314206] PCI-DMA: Using software bounce buffering for IO (SWIOTLB)
[    1.315151] software IO TLB: mapped [mem 0xdbff0000-0xdfff0000] (64MB)
[    1.316136] clocksource: tsc: mask: 0xffffffffffffffff max_cycles: 0x33e44d1104f, max_idle_ns: 440795213615 ns
[    1.317669] platform rtc_cmos: registered platform RTC device (no PNP device found)
[    1.318944] Scanning for low memory corruption every 60 seconds
[    1.320744] audit: initializing netlink subsys (disabled)
[    1.321696] audit: type=2000 audit(1616608379.256:1): initialized
[    1.322818] Initialise system trusted keyring
[    1.323686] HugeTLB registered 2 MB page size, pre-allocated 0 pages
[    1.325540] zbud: loaded
[    1.326454] VFS: Disk quotas dquot_6.6.0
[    1.327157] VFS: Dquot-cache hash table entries: 512 (order 0, 4096 bytes)
[    1.328369] squashfs: version 4.0 (2009/01/31) Phillip Lougher
[    1.332332] fuse init (API version 7.23)
[    1.333155] Key type big_key registered
[    1.333852] Allocating IMA MOK and blacklist keyrings.
[    1.335886] Key type asymmetric registered
[    1.336619] Asymmetric key parser 'x509' registered
[    1.337471] Block layer SCSI generic (bsg) driver version 0.4 loaded (major 249)
[    1.338769] io scheduler noop registered
[    1.339442] io scheduler deadline registered (default)
[    1.340273] io scheduler cfq registered
[    1.341048] pci_hotplug: PCI Hot Plug PCI Core version: 0.5
[    1.341892] pciehp: PCI Express Hot Plug Controller Driver version: 0.4
[    1.342923] ACPI: AC Adapter [AC] (on-line)
[    1.343641] input: Power Button as /devices/LNXSYSTM:00/LNXPWRBN:00/input/input0
[    1.344872] ACPI: Power Button [PWRF]
[    1.345562] input: Sleep Button as /devices/LNXSYSTM:00/LNXSLPBN:00/input/input1
[    1.346796] ACPI: Sleep Button [SLPF]
[    1.347581] GHES: HEST is not enabled!
[    1.348341] Serial: 8250/16550 driver, 32 ports, IRQ sharing enabled
[    1.369751] 00:02: ttyS0 at I/O 0x3f8 (irq = 4, base_baud = 115200) is a 16550A
[    1.372980] Linux agpgart interface v0.103
[    1.375030] loop: module loaded
[    1.376042] scsi host0: ata_piix
[    1.376799] scsi host1: ata_piix
[    1.377397] ata1: PATA max UDMA/33 cmd 0x1f0 ctl 0x3f6 bmdma 0xd000 irq 14
[    1.378369] ata2: PATA max UDMA/33 cmd 0x170 ctl 0x376 bmdma 0xd008 irq 15
[    1.379402] libphy: Fixed MDIO Bus: probed
[    1.380124] tun: Universal TUN/TAP device driver, 1.6
[    1.380962] tun: (C) 1999-2004 Max Krasnyansky <maxk@qualcomm.com>
[    1.381969] PPP generic driver version 2.4.2
[    1.382760] ehci_hcd: USB 2.0 'Enhanced' Host Controller (EHCI) Driver
[    1.383757] ehci-pci: EHCI PCI platform driver
[    1.384492] ehci-platform: EHCI generic platform driver
[    1.385354] ohci_hcd: USB 1.1 'Open' Host Controller (OHCI) Driver
[    1.386306] ohci-pci: OHCI PCI platform driver
[    1.387098] ohci-platform: OHCI generic platform driver
[    1.387945] uhci_hcd: USB Universal Host Controller Interface driver
[    1.388904] i8042: PNP: PS/2 Controller [PNP0303:PS2K,PNP0f03:PS2M] at 0x60,0x64 irq 1,12
[    1.390627] serio: i8042 KBD port at 0x60,0x64 irq 1
[    1.391453] serio: i8042 AUX port at 0x60,0x64 irq 12
[    1.392428] mousedev: PS/2 mouse device common for all mice
[    1.393617] input: AT Translated Set 2 keyboard as /devices/platform/i8042/serio0/input/input2
[    1.395366] rtc_cmos rtc_cmos: rtc core: registered rtc_cmos as rtc0
[    1.396345] rtc_cmos rtc_cmos: alarms up to one day, 114 bytes nvram
[    1.397273] i2c /dev entries driver
[    1.397907] device-mapper: uevent: version 1.0.3
[    1.398724] device-mapper: ioctl: 4.34.0-ioctl (2015-10-28) initialised: dm-devel@redhat.com
[    1.400101] ledtrig-cpu: registered to indicate activity on CPUs
[    1.401422] NET: Registered protocol family 10
[    1.405158] NET: Registered protocol family 17
[    1.405922] Key type dns_resolver registered
[    1.406965] registered taskstats version 1
[    1.407657] Loading compiled-in X.509 certificates
[    1.408915] Loaded X.509 cert 'Build time autogenerated kernel key: 9e5e2330314f2a00b0409bdb338e201244d5149f'
[    1.410506] zswap: loaded using pool lzo/zbud
[    1.412496] Key type trusted registered
[    1.415230] Key type encrypted registered
[    1.415915] AppArmor: AppArmor sha1 policy hashing enabled
[    1.416768] ima: No TPM chip found, activating TPM-bypass!
[    1.417677] ima: Allocated hash algorithm: sha1
[    1.418454] evm: HMAC attrs: 0x1
[    1.419345]   Magic number: 13:926:896
[    1.420116] rtc_cmos rtc_cmos: setting system clock to 2021-03-24 17:52:54 UTC (1616608374)
[    1.421580] BIOS EDD facility v0.16 2004-Jun-25, 0 devices found
[    1.422530] EDD information not available.
[    1.557503] Freeing unused kernel memory: 1492K
[    1.558346] Write protecting the kernel read-only data: 14336k
[    1.559599] Freeing unused kernel memory: 1588K
[    1.560486] Freeing unused kernel memory: 52K
Loading, please wait...
starting version 229
[    1.569749] random: systemd-udevd: uninitialized urandom read (16 bytes read, 3 bits of entropy available)
[    1.570149] random: udevadm: uninitialized urandom read (16 bytes read, 3 bits of entropy available)
[    1.570164] random: udevadm: uninitialized urandom read (16 bytes read, 3 bits of entropy available)
[    1.574189] random: systemd-udevd: uninitialized urandom read (16 bytes read, 3 bits of entropy available)
[    1.575721] random: systemd-udevd: uninitialized urandom read (16 bytes read, 3 bits of entropy available)
[    1.576402] random: udevadm: uninitialized urandom read (16 bytes read, 3 bits of entropy available)
[    1.576437] random: udevadm: uninitialized urandom read (16 bytes read, 3 bits of entropy available)
[    1.576534] random: udevadm: uninitialized urandom read (16 bytes read, 3 bits of entropy available)
[    1.576573] random: udevadm: uninitialized urandom read (16 bytes read, 3 bits of entropy available)
[    1.576611] random: udevadm: uninitialized urandom read (16 bytes read, 3 bits of entropy available)
[    1.617133] Fusion MPT base driver 3.04.20
[    1.628297] Copyright (c) 1999-2008 LSI Corporation
[    1.637097] e1000: Intel(R) PRO/1000 Network Driver - version 7.3.21-k8-NAPI
[    1.638171] e1000: Copyright (c) 1999-2006 Intel Corporation.
[    1.653088] AVX2 version of gcm_enc/dec engaged.
[    1.653865] AES CTR mode by8 optimization enabled
[    1.661297] Fusion MPT SPI Host driver 3.04.20
[    1.859587] input: ImExPS/2 Generic Explorer Mouse as /devices/platform/i8042/serio1/input/input4
[    2.064009] e1000 0000:00:03.0 eth0: (PCI:33MHz:32-bit) 02:d9:59:5c:1c:7b
[    2.065066] e1000 0000:00:03.0 eth0: Intel(R) PRO/1000 Network Connection
[    2.412556] e1000 0000:00:08.0 eth1: (PCI:33MHz:32-bit) 08:00:27:c6:09:22
[    2.413559] e1000 0000:00:08.0 eth1: Intel(R) PRO/1000 Network Connection
[    2.415664] e1000 0000:00:08.0 enp0s8: renamed from eth1
[    2.416609] mptbase: ioc0: Initiating bringup
[    2.424163] e1000 0000:00:03.0 enp0s3: renamed from eth0
[    2.728611] ioc0: LSI53C1030 A0: Capabilities={Initiator}
[    2.889728] scsi host2: ioc0: LSI53C1030 A0, FwRev=00000000h, Ports=1, MaxQ=256, IRQ=20
[    3.785372] scsi 2:0:0:0: Direct-Access     VBOX     HARDDISK         1.0  PQ: 0 ANSI: 5
[    3.786736] scsi target2:0:0: Beginning Domain Validation
[    3.788192] scsi target2:0:0: Domain Validation skipping write tests
[    3.789141] scsi target2:0:0: Ending Domain Validation
[    3.789963] scsi target2:0:0: asynchronous
[    3.790862] scsi 2:0:1:0: Direct-Access     VBOX     HARDDISK         1.0  PQ: 0 ANSI: 5
[    3.792151] scsi target2:0:1: Beginning Domain Validation
[    3.793461] scsi target2:0:1: Domain Validation skipping write tests
[    3.794421] scsi target2:0:1: Ending Domain Validation
[    3.795272] scsi target2:0:1: asynchronous
[    3.799595] sd 2:0:0:0: Attached scsi generic sg0 type 0
[    3.799715] sd 2:0:0:0: [sda] 83886080 512-byte logical blocks: (42.9 GB/40.0 GiB)
[    3.799891] sd 2:0:0:0: [sda] Write Protect is off
[    3.799985] sd 2:0:0:0: [sda] Incomplete mode parameter data
[    3.799986] sd 2:0:0:0: [sda] Assuming drive cache: write through
[    3.800788]  sda: sda1
[    3.801207] sd 2:0:0:0: [sda] Attached SCSI disk
[    3.805943] sd 2:0:1:0: Attached scsi generic sg1 type 0
[    3.806038] sd 2:0:1:0: [sdb] 20480 512-byte logical blocks: (10.5 MB/10.0 MiB)
[    3.806130] sd 2:0:1:0: [sdb] Write Protect is off
[    3.806187] sd 2:0:1:0: [sdb] Incomplete mode parameter data
[    3.806188] sd 2:0:1:0: [sdb] Assuming drive cache: write through
[    3.807830] sd 2:0:1:0: [sdb] Attached SCSI disk
Begin: Loading essential drivers ... [    5.101704] md: linear personality registered for level -1
[    5.104368] md: multipath personality registered for level -4
[    5.106994] md: raid0 personality registered for level 0
[    5.110335] md: raid1 personality registered for level 1
[    5.179954] raid6: sse2x1   gen()  7556 MB/s
[    5.248000] raid6: sse2x1   xor()  7562 MB/s
[    5.316368] raid6: sse2x2   gen() 16031 MB/s
[    5.384732] raid6: sse2x2   xor() 10460 MB/s
[    5.452106] raid6: sse2x4   gen() 16373 MB/s
[    5.520472] raid6: sse2x4   xor()  9722 MB/s
[    5.587952] raid6: avx2x1   gen() 17438 MB/s
[    5.656215] raid6: avx2x2   gen() 22219 MB/s
[    5.724556] raid6: avx2x4   gen() 22729 MB/s
[    5.725315] raid6: using algorithm avx2x4 gen() 22729 MB/s
[    5.726188] raid6: using avx2x2 recovery algorithm
[    5.727961] xor: automatically using best checksumming function:
[    5.768523]    avx       : 14731.000 MB/sec
[    5.770082] async_tx: api initialized (async)
[    5.777516] md: raid6 personality registered for level 6
[    5.778333] md: raid5 personality registered for level 5
[    5.779139] md: raid4 personality registered for level 4
[    5.783863] md: raid10 personality registered for level 10
done.
Begin: Running /scripts/init-premount ... done.
Begin: Mounting root file system ... Begin: Running /scripts/local-top ... done.
Begin: Running /scripts/local-premount ... [    5.805471] Btrfs loaded
Scanning for Btrfs filesystems
done.
Warning: fsck not present, so skipping root file system
[    5.825373] EXT4-fs (sda1): INFO: recovery required on readonly filesystem
[    5.826355] EXT4-fs (sda1): write access will be enabled during recovery
[    5.911157] EXT4-fs (sda1): orphan cleanup on readonly fs
[    5.925683] EXT4-fs (sda1): 6 orphan inodes deleted
[    5.926484] EXT4-fs (sda1): recovery complete
[    5.927743] EXT4-fs (sda1): mounted filesystem with ordered data mode. Opts: (null)
done.
Begin: Running /scripts/local-bottom ... done.
Begin: Running /scripts/init-bottom ... done.
[    6.014223] systemd[1]: systemd 229 running in system mode. (+PAM +AUDIT +SELINUX +IMA +APPARMOR +SMACK +SYSVINIT +UTMP +LIBCRYPTSETUP +GCRYPT +GNUTLS +ACL +XZ -LZ4 +SECCOMP +BLKID +ELFUTILS +KMOD -IDN)
[    6.017034] systemd[1]: Detected virtualization oracle.
[    6.017884] systemd[1]: Detected architecture x86-64.

Welcome to [1mUbuntu 16.04.7 LTS[0m!

[    6.020636] systemd[1]: Set hostname to <ubuntu-xenial>.
[    6.118113] systemd[1]: Listening on Device-mapper event daemon FIFOs.
[[0;32m  OK  [0m] Listening on Device-mapper event daemon FIFOs.
[    6.120347] systemd[1]: Created slice User and Session Slice.
[[0;32m  OK  [0m] Created slice User and Session Slice.
[    6.122158] systemd[1]: Started Trigger resolvconf update for networkd DNS.
[[0;32m  OK  [0m] Started Trigger resolvconf update for networkd DNS.
[    6.124181] systemd[1]: Listening on udev Kernel Socket.
[[0;32m  OK  [0m] Listening on udev Kernel Socket.
[    6.125765] systemd[1]: Listening on LVM2 poll daemon socket.
[[0;32m  OK  [0m] Listening on LVM2 poll daemon socket.
[    6.127505] systemd[1]: Reached target Swap.
[[0;32m  OK  [0m] Reached target Swap.
[    6.128971] systemd[1]: Reached target Encrypted Volumes.
[[0;32m  OK  [0m] Reached target Encrypted Volumes.
[    6.130874] systemd[1]: Set up automount Arbitrary Executable File Formats File System Automount Point.
[[0;32m  OK  [0m] Set up automount Arbitrary Executab...ats File System Automount Point.
[    6.133667] systemd[1]: Listening on LVM2 metadata daemon socket.
[[0;32m  OK  [0m] Listening on LVM2 metadata daemon socket.
[    6.135575] systemd[1]: Listening on Journal Socket (/dev/log).
[[0;32m  OK  [0m] Listening on Journal Socket (/dev/log).
[    6.137407] systemd[1]: Reached target User and Group Name Lookups.
[[0;32m  OK  [0m] Reached target User and Group Name Lookups.
[    6.139295] systemd[1]: Listening on Journal Socket.
[[0;32m  OK  [0m] Listening on Journal Socket.
[    6.140944] systemd[1]: Listening on Syslog Socket.
[[0;32m  OK  [0m] Listening on Syslog Socket.
[    6.142581] systemd[1]: Listening on /dev/initctl Compatibility Named Pipe.
[[0;32m  OK  [0m] Listening on /dev/initctl Compatibility Named Pipe.
[    6.144613] systemd[1]: Started Forward Password Requests to Wall Directory Watch.
[[0;32m  OK  [0m] Started Forward Password Requests to Wall Directory Watch.
[    6.146946] systemd[1]: Listening on udev Control Socket.
[[0;32m  OK  [0m] Listening on udev Control Socket.
[    6.148826] systemd[1]: Created slice System Slice.
[[0;32m  OK  [0m] Created slice System Slice.
[    6.398168] systemd[1]: Starting Nameserver information manager...
         Starting Nameserver information manager...
[    6.400309] systemd[1]: Mounting Debug File System...
         Mounting Debug File System...
[    6.402198] systemd[1]: Mounting Huge Pages File System...
         Mounting Huge Pages File System...
[    6.405927] systemd[1]: Starting Load Kernel Modules...
         Starting Load Kernel Modules...
[    6.407792] systemd[1]: Starting Set console keymap...
         Starting Set console keymap...
[    6.412917] systemd[1]: Mounting POSIX Message Queue File System...
         Mounting POSIX Message Queue File System...
[    6.414948] systemd[1]: Created slice system-serial\x2dgetty.slice.
[[0;32m  OK  [0m] Created slice system-serial\x2dgetty.slice.
[    6.417582] systemd[1]: Starting Remount Root and Kernel File Systems...
[    6.418803] Loading iSCSI transport class v2.0-870.
         Starting Remount Root and Kernel File Systems...
[    6.420819] systemd[1]: Starting Uncomplicated firewall...
         Starting Uncomplicated firewall...
[    6.422893] systemd[1]: Starting Monitoring of LVM2 mirrors, snapshots etc. using dmeventd or progress polling...
[    6.424668] EXT4-fs (sda1): re-mounted. Opts: (null)
         Starting Monitoring of LVM2 mirrors... dmeventd or progress polling...
[    6.426924] systemd[1]: Starting Create list of required static device nodes for the current kernel...
         Starting Create list of required st... nodes for the current kernel...
[    6.429344] systemd[1]: Reached target Slices.
[[0;32m  OK  [0m] Reached target Slices.
[    6.430711] systemd[1]: Reached target System Time Synchronized.
[[    6.431800] iscsi: registered transport (tcp)
[0;32m  OK  [0m] Reached target System Time Synchronized.
[    6.437587] systemd[1]: Listening on Journal Audit Socket.
[[0;32m  OK  [0m] Listening on Journal Audit Socket.
[    6.439628] systemd[1]: Starting Journal Service...
         Starting Journal Service...
[    6.443391] systemd[1]: Mounted Huge Pages File System.
[[0;32m  OK  [0m] Mounted Huge Pages File System.
[    6.445050] systemd[1]: Mounted Debug File System.
[[0;32m  OK  [0m] Mounted Debug File System.
[    6.446707] systemd[1]: Mounted POSIX Message Queue File System.
[[0;32m  OK  [0m] Mounted POSIX Message Queue File System.
[    6.449316] systemd[1]: Started Remount Root and Kernel File Systems.
[[0;32m  OK  [0m] Started Remount Root and Kernel File Systems.
[    6.454581] systemd[1]: Started Uncomplicated firewall.
[[0;32m  OK  [0m] Started Uncomplicated firewall.
[    6.456442] systemd[1]: Started Create list of required static device nodes for the current kernel.
[[0;32m  OK  [0m] Started Create list of required sta...ce nodes for the current kernel.
[    6.463113] systemd[1]: Started Nameserver information manager.
[[0;32m  OK  [0m] Started Nameserver information manager.
[    6.466508] systemd[1]: Started LVM2 metadata daemon.
[[0;32m  OK  [0m] Started LVM2 metadata daemon.
[    6.470856] systemd[1]: Starting Create Static Device Nodes in /dev...
         Starting Create Static Device Nodes in /dev...
[    6.473659] systemd[1]: Starting Load/Save Random Seed...
         Starting Load/Save Random Seed...
[    6.477392] random: nonblocking pool is initialized
[    6.478907] systemd[1]: Starting udev Coldplug all Devices...
         Starting udev Coldplug all Devices...
[    6.484575] systemd[1]: Started Set console keymap.
[[0;32m  OK  [0m] Started Set console keymap.
[    6.486872] systemd[1]: Started Load/Save Random Seed.
[[0;32m  OK  [0m] Started Load/Save Random Seed.
[    6.495449] systemd[1]: Started Journal Service.
[[0;32m  OK  [0m] Started Journal Service.
         Starting Flush Journal to Persistent Storage...
[    6.506946] systemd-journald[406]: Received request to flush runtime journal from PID 1
[[0;32m  OK  [0m] Started Flush Journal to Persistent Storage.
[[0;32m  OK  [0m] Started Create Static Device Nodes in /dev.
         Starting udev Kernel Device Manager...
[    6.522901] iscsi: registered transport (iser)
[[0;32m  OK  [0m] Started Load Kernel Modules.
         Starting Apply Kernel Variables...
         Mounting FUSE Control File System...
[[0;32m  OK  [0m] Mounted FUSE Control File System.
[[0;32m  OK  [0m] Started udev Coldplug all Devices.
[[0;32m  OK  [0m] Started Apply Kernel Variables.
[[0;32m  OK  [0m] Started udev Kernel Device Manager.
[[0;32m  OK  [0m] Started Dispatch Password Requests to Console Directory Watch.
[[0;32m  OK  [0m] Found device /dev/ttyS0.
[[0;32m  OK  [0m] Listening on Load/Save RF Kill Switch Status /dev/rfkill Watch.
[[0;32m  OK  [0m] Started Monitoring of LVM2 mirrors,...ng dmeventd or progress polling.
[[0;32m  OK  [0m] Reached target Local File Systems (Pre).
         Mounting /var/tmp/vagrant...
[[0;32m  OK  [0m] Reached target Local File Systems.
         Starting Initial cloud-init job (pre-networking)...
         Starting LSB: AppArmor initialization...
         Starting Tell Plymouth To Write Out Runtime Data...
         Starting Create Volatile Files and Directories...
         Starting Set console font and keymap...
[[0;1;31mFAILED[0m] Failed to mount /var/tmp/vagrant.
See 'systemctl status var-tmp-vagrant.mount' for details.
[[0;32m  OK  [0m] Started Create Volatile Files and Directories.
         Starting Update UTMP about System Boot/Shutdown...
[[0;32m  OK  [0m] Found device 82540EM Gigabit Ethern...r (PRO/1000 MT Desktop Adapter).
[[0;32m  OK  [0m] Found device 82540EM Gigabit Ethern...r (PRO/1000 MT Desktop Adapter).
[[0;32m  OK  [0m] Started Tell Plymouth To Write Out Runtime Data.
[[0;32m  OK  [0m] Started Update UTMP about System Boot/Shutdown.
[[0;32m  OK  [0m] Started LSB: AppArmor initialization.
         Starting Load AppArmor profiles managed internally by snapd...
[[0;32m  OK  [0m] Started Load AppArmor profiles managed internally by snapd.
[    6.790503] cloud-init[640]: Traceback (most recent call last):
[[0;1;31mFAILED[0m] Failed to start Initial cloud-init job (pre-networking).
[    6.823550] See 'systemctl status cloud-init-local.service' for details.
[[0;32m  OK  [0m] Reached target Network (Pre).
cloud-init[640]:   File "/usr/lib/python3/dist-packages/requests/packages/__init__.py", line 27, in <module>
[    6.826389] [[0;32m  OK  [0m] Started ifup for enp0s8.
cloud-init[640]: [[0;32m  OK  [0m] Started ifup for enp0s3.
    from . import urllib3         Starting Raise network interfaces...

[    6.867385] cloud-init[640]: ImportError: cannot import name 'urllib3'
[    6.868466] cloud-init[640]: During handling of the above exception, another exception occurred:
[    6.869867] cloud-init[640]: Traceback (most recent call last):
[    6.871100] cloud-init[640]:   File "/usr/bin/cloud-init", line 9, in <module>
[    6.872161] cloud-init[640]:     load_entry_point('cloud-init==20.4', 'console_scripts', 'cloud-init')()
[    6.874482] cloud-init[640]:   File "/usr/lib/python3/dist-packages/pkg_resources/__init__.py", line 542, in load_entry_point
[    6.875934] cloud-init[640]:     return get_distribution(dist).load_entry_point(group, name)
[    6.877521] cloud-init[640]:   File "/usr/lib/python3/dist-packages/pkg_resources/__init__.py", line 2569, in load_entry_point
[    6.879058] cloud-init[640]:     return ep.load()
[    6.880155] cloud-init[640]:   File "/usr/lib/python3/dist-packages/pkg_resources/__init__.py", line 2229, in load
[    6.886349] cloud-init[640]:     return self.resolve()
[    6.889907] cloud-init[640]:   File "/usr/lib/python3/dist-packages/pkg_resources/__init__.py", line 2235, in resolve
[    6.891705] cloud-init[640]:     module = __import__(self.module_name, fromlist=['__name__'], level=0)
[    6.893304] cloud-init[640]:   File "/usr/lib/python3/dist-packages/cloudinit/cmd/main.py", line 26, in <module>
[    6.895103] cloud-init[640]:     from cloudinit import netinfo
[    6.897480] cloud-init[640]:   File "/usr/lib/python3/dist-packages/cloudinit/netinfo.py", line 15, in <module>
[    6.898925] cloud-init[640]:     from cloudinit.net.network_state import net_prefix_to_ipv4_mask
[    6.900166] cloud-init[640]:   File "/usr/lib/python3/dist-packages/cloudinit/net/__init__.py", line 15, in <module>
[    6.903553] cloud-init[640]:     from cloudinit import util
[    6.906197] cloud-init[640]:   File "/usr/lib/python3/dist-packages/cloudinit/util.py", line 42, in <module>
[    6.907641] cloud-init[640]:     from cloudinit import (
[    6.909012] cloud-init[640]:   File "/usr/lib/python3/dist-packages/cloudinit/url_helper.py", line 22, in <module>
[    6.910297] cloud-init[640]:     import requests
[    6.911074] cloud-init[640]:   File "/usr/lib/python3/dist-packages/requests/__init__.py", line 58, in <module>
[    6.912432] cloud-init[640]:     from . import utils
[    6.913333] cloud-init[640]:   File "/usr/lib/python3/dist-packages/requests/utils.py", line 26, in <module>
[    6.914598] cloud-init[640]:     from .compat import parse_http_list as _parse_list_header
[    6.915734] cloud-init[640]:   File "/usr/lib/python3/dist-packages/requests/compat.py", line 7, in <module>
[    6.920922] cloud-init[640]:     from .packages import chardet
[    6.922249] cloud-init[640]:   File "/usr/lib/python3/dist-packages/requests/packages/__init__.py", line 29, in <module>
[    6.924022] cloud-init[640]:     import urllib3
[    6.924773] cloud-init[640]: ImportError: No module named 'urllib3'
[[0;32m  OK  [0m] Started Set console font and keymap.
[[0;32m  OK  [0m] Created slice system-getty.slice.
         Starting LSB: start Samba SMB/CIFS daemon (smbd)...
[[0;32m  OK  [0m] Started LSB: start Samba SMB/CIFS daemon (smbd).
[[0;32m  OK  [0m] Started Raise network interfaces.
         Starting Initial cloud-init job (metadata service crawler)...
[[0;32m  OK  [0m] Reached target Network.
[    7.489302] cloud-init[1088]: Traceback (most recent call last):
[    7.490344] cloud-init[1088]:   File "/usr/lib/python3/dist-packages/requests/packages/__init__.py", line 27, in <module>
[    7.491773] cloud-init[1088]:     from . import urllib3
[    7.492604] cloud-init[1088]: ImportError: cannot import name 'urllib3'
[    7.493754] cloud-init[1088]: During handling of the above exception, another exception occurred:
[    7.495019] cloud-init[1088]: Traceback (most recent call last):
[    7.495919] cloud-init[1088]:   File "/usr/bin/cloud-init", line 9, in <module>
[    7.497167] cloud-init[1088]:     load_entry_point('cloud-init==20.4', 'console_scripts', 'cloud-init')()
[    7.498520] cloud-init[1088]:   File "/usr/lib/python3/dist-packages/pkg_resources/__init__.py", line 542, in load_entry_point
[    7.499796] cloud-init[1088]:     return get_distribution(dist).load_entry_point(group, name)
[    7.500955] cloud-init[1088]:   File "/usr/lib/python3/dist-packages/pkg_resources/__init__.py", line 2569, in load_entry_point
[    7.502328] cloud-init[1088]:     return ep.load()
[    7.503160] cloud-init[1088]:   File "/usr/lib/python3/dist-packages/pkg_resources/__init__.py", line 2229, in load
[    7.504626] cloud-init[1088]:     return self.resolve()
[    7.505565] cloud-init[1088]:   File "/usr/lib/python3/dist-packages/pkg_resources/__init__.py", line 2235, in resolve
[    7.507001] cloud-init[1088]:     module = __import__(self.module_name, fromlist=['__name__'], level=0)
[    7.512875] cloud-init[1088]:   File "/usr/lib/python3/dist-packages/cloudinit/cmd/main.py", line 26, in <module>
[    7.512977] cloud-init[1088]:     from cloudinit import netinfo
[    7.514097] cloud-init[1088]:   File "/usr/lib/python3/dist-packages/cloudinit/netinfo.py", line 15, in <module>
[    7.514512] cloud-init[1088]:     from cloudinit.net.network_state import net_prefix_to_ipv4_mask
[[0;1;31mFAILED[0m] Failed to start Initial cloud-init job (metadata service crawler).
[    7.515515] cloud-init[1088]:   File "/usr/lib/python3/dist-packages/cloudinit/net/__init__.py", line 15, in <module>
[    7.517005] cloud-init[1088]:     from cloudinit import util
See 'systemctl status cloud-init.service' for details.
[    7.517278] cloud-init[1088]:   File "/usr/lib/python3/dist-packages/cloudinit/util.py", line 42, in <module>
[    7.519856] [cloud-init[1088]:     from cloudinit import (
[    7.520168] cloud-init[1088]:   File "/usr/lib/python3/dist-packages/cloudinit/url_helper.py", line 22, in <module>
[    7.520569] cloud-init[1088]:     import requests
[    7.521906] cloud-init[1088]:   File "/usr/lib/python3/dist-packages/requests/__init__.py", line 58, in <module>
[    7.522106] cloud-init[1088]:     from . import utils
[    7.523401] cloud-init[1088]:   File "/usr/lib/python3/dist-packages/requests/utils.py", line 26, in <module>
[    7.524080] cloud-init[1088]:     from .compat import parse_http_list as _parse_list_header
[0;32m  OK  [0m] Reached target Network is Online.
[    7.524828] cloud-init[1088]:   File "/usr/lib/python3/dist-packages/requests/compat.py", line 7, in <module>
[    7.526954] cloud-init[1088]:     from .packages import chardet
[    7.527793] cloud-init[1088]:   File "/usr/lib/python3/dist-packages/requests/packages/__init__.py", line 29, in <module>
         [    7.540543] cloud-init[1088]:     import urllib3
[    7.540596] cloud-init[1088]: ImportError: No module named 'urllib3'
Starting iSCSI initiator daemon (iscsid)...
[[0;32m  OK  [0m] Reached target Cloud-config availability.
[[0;32m  OK  [0m] Reached target System Initialization.
         Starting Socket activation for snappy daemon.
[[0;32m  OK  [0m] Started Daily apt download activities.
         Starting LXD - unix socket.
[[0;32m  OK  [0m] Started Message of the Day.
[[0;32m  OK  [0m] Started Daily Cleanup of Temporary Directories.
[[0;32m  OK  [0m] Started Daily apt upgrade and clean activities.
[[0;32m  OK  [0m] Listening on ACPID Listen Socket.
[[0;32m  OK  [0m] Listening on UUID daemon activation socket.
[[0;32m  OK  [0m] Listening on D-Bus System Message Bus Socket.
[[0;32m  OK  [0m] Started ACPI Events Check.
[[0;32m  OK  [0m] Reached target Paths.
[[0;32m  OK  [0m] Reached target Timers.
[[0;32m  OK  [0m] Listening on Socket activation for snappy daemon.
[[0;32m  OK  [0m] Listening on LXD - unix socket.
[[0;32m  OK  [0m] Reached target Sockets.
[[0;32m  OK  [0m] Reached target Basic System.
         Starting LXD - container startup/shutdown...
[[0;32m  OK  [0m] Started D-Bus System Message Bus.
         Starting Accounts Service...
         Starting /etc/rc.local Compatibility...
         Starting LSB: MD monitoring daemon...
[[0;32m  OK  [0m] Started ACPI event daemon.
[[0;32m  OK  [0m] Started Deferred execution scheduler.
         Starting LSB: Record successful boot for GRUB...
[[0;32m  OK  [0m] Started Regular background program processing daemon.
         Starting System Logging Service...
         Starting Login Service...
         Starting Virtualbox guest utils...
[[0;32m  OK  [0m] Started FUSE filesystem for LXC.
         Starting OpenBSD Secure Shell server...
         Starting Snap Daemon...
[[0;32m  OK  [0m] Started iSCSI initiator daemon (iscsid).
[[0;32m  OK  [0m] Started /etc/rc.local Compatibility.
         Starting Login to default iSCSI targets...
[[0;32m  OK  [0m] Started Login Service.
[[0;32m  OK  [0m] Started System Logging Service.
[[0;32m  OK  [0m] Started Unattended Upgrades Shutdown.
[[0;32m  OK  [0m] Started Login to default iSCSI targets.
[[0;32m  OK  [0m] Reached target Remote File Systems (Pre).
[[0;32m  OK  [0m] Reached target Remote File Systems.
         Starting LSB: Set the CPU Frequency Scaling governor to "ondemand"...
         Starting LSB: daemon to balance interrupts for SMP systems...
         Starting LSB: Apache2 web server...
         Starting LSB: automatic crash report generation...
         Starting LSB: start Samba NetBIOS nameserver (nmbd)...
         Starting LSB: start Samba daemons for the AD DC...
         Starting Permit User Sessions...
[[0;32m  OK  [0m] Started LSB: MD monitoring daemon.
[[0;32m  OK  [0m] Started LSB: Record successful boot for GRUB.
[[0;32m  OK  [0m] Started Permit User Sessions.
[[0;32m  OK  [0m] Started LXD - container startup/shutdown.
[[0;32m  OK  [0m] Started Virtualbox guest utils.
[[0;32m  OK  [0m] Started OpenBSD Secure Shell server.
[[0;32m  OK  [0m] Started LSB: Set the CPU Frequency Scaling governor to "ondemand".
         Starting Authenticate and Authorize Users to Run Privileged Tasks...
         Starting Hold until boot process finishes up...
         Starting Terminate Plymouth Boot Screen...
[[0;32m  OK  [0m] Started Hold until boot process finishes up.
[[0;32m  OK  [0m] Started Serial Getty on ttyS0.
[[0;32m  OK  [0m] Started Getty on tty1.
[[0;32m  OK  [0m] Reached target Login Prompts.
         Starting Set console scheme...
[[0;32m  OK  [0m] Started Set console scheme.
[[0;32m  OK  [0m] Started LSB: automatic crash report generation.
[[0;32m  OK  [0m] Started LSB: daemon to balance interrupts for SMP systems.
[[0;32m  OK  [0m] Started Terminate Plymouth Boot Screen.
[[0;32m  OK  [0m] Started Authenticate and Authorize Users to Run Privileged Tasks.
[[0;32m  OK  [0m] Started Accounts Service.
[[0;32m  OK  [0m] Started Snap Daemon.
         Starting Wait until snapd is fully seeded...
[[0;32m  OK  [0m] Started LSB: start Samba NetBIOS nameserver (nmbd).
[[0;32m  OK  [0m] Started Wait until snapd is fully seeded.
         Starting Apply the settings specified in cloud-config...
[[0;32m  OK  [0m] Started LSB: start Samba daemons for the AD DC.
[    8.192930] cloud-init[1359]: Traceback (most recent call last):
[    8.193983] cloud-init[1359]:   File "/usr/lib/python3/dist-packages/requests/packages/__init__.py", line 27, in <module>
[    8.195361] cloud-init[1359]:     from . import urllib3
[    8.196407] cloud-init[1359]: ImportError: cannot import name 'urllib3'
[    8.197421] cloud-init[1359]: During handling of the above exception, another exception occurred:
[    8.198898] cloud-init[1359]: Traceback (most recent call last):
[    8.199884] cloud-init[1359]:   File "/usr/bin/cloud-init", line 9, in <module>
[    8.200915] cloud-init[1359]:     load_entry_point('cloud-init==20.4', 'console_scripts', 'cloud-init')()
[    8.203358] cloud-init[1359]:   File "/usr/lib/python3/dist-packages/pkg_resources/__init__.py", line 542, in load_entry_point
[    8.204637] cloud-init[1359]:     return get_distribution(dist).load_entry_point(group, name)
[    8.205828] cloud-init[1359]:   File "/usr/lib/python3/dist-packages/pkg_resources/__init__.py", line 2569, in load_entry_point
[    8.207079] cloud-init[1359]:     return ep.load()
[    8.208012] cloud-init[1359]:   File "/usr/lib/python3/dist-packages/pkg_resources/__init__.py", line 2229, in load
[    8.209337] cloud-init[1359]:     return self.resolve()
[    8.210264] cloud-init[1359]:   File "/usr/lib/python3/dist-packages/pkg_resources/__init__.py", line 2235, in resolve
[    8.211715] cloud-init[1359]:     module = __import__(self.module_name, fromlist=['__name__'], level=0)
[    8.212903] [[0;1;31mFAILED[0m] Failed to start Apply the settings specified in cloud-config.
See 'systemctl status cloud-config.service' for details.
cloud-init[1359]:   File "/usr/lib/python3/dist-packages/cloudinit/cmd/main.py", line 26, in <module>
[    8.216629] cloud-init[1359]:     from cloudinit import netinfo
[    8.217522] cloud-init[1359]:   File "/usr/lib/python3/dist-packages/cloudinit/netinfo.py", line 15, in <module>
[    8.218822] cloud-init[1359]:     from cloudinit.net.network_state import net_prefix_to_ipv4_mask
[    8.220016] cloud-init[1359]:   File "/usr/lib/python3/dist-packages/cloudinit/net/__init__.py", line 15, in <module>
[    8.221241] cloud-init[1359]:     from cloudinit import util
[    8.222025] cloud-init[1359]:   File "/usr/lib/python3/dist-packages/cloudinit/util.py", line 42, in <module>
[    8.223289] cloud-init[1359]:     from cloudinit import (
[    8.224149] cloud-init[1359]:   File "/usr/lib/python3/dist-packages/cloudinit/url_helper.py", line 22, in <module>
[    8.225375] cloud-init[1359]:     import requests
[    8.226157] cloud-init[1359]:   File "/usr/lib/python3/dist-packages/requests/__init__.py", line 58, in <module>
[    8.227569] cloud-init[1359]:     from . import utils
[    8.228352] cloud-init[1359]:   File "/usr/lib/python3/dist-packages/requests/utils.py", line 26, in <module>
[    8.229464] cloud-init[1359]:     from .compat import parse_http_list as _parse_list_header
[    8.230539] cloud-init[1359]:   File "/usr/lib/python3/dist-packages/requests/compat.py", line 7, in <module>
[    8.231753] cloud-init[1359]:     from .packages import chardet
[    8.232895] cloud-init[1359]:   File "/usr/lib/python3/dist-packages/requests/packages/__init__.py", line 29, in <module>
[    8.234335] cloud-init[1359]:     import urllib3
[    8.235134] cloud-init[1359]: ImportError: No module named 'urllib3'
[[0;32m  OK  [0m] Started LSB: Apache2 web server.
[[0;32m  OK  [0m] Reached target Multi-User System.
         Starting Execute cloud user/final scripts...
[[0;32m  OK  [0m] Reached target Graphical Interface.
         Starting Update UTMP about System Runlevel Changes...
[[0;32m  OK  [0m] Started Update UTMP about System Runlevel Changes.
[    9.159734] cloud-init[1371]: Traceback (most recent call last):
[    9.160504] cloud-init[1371]:   File "/usr/lib/python3/dist-packages/requests/packages/__init__.py", line 27, in <module>
[    9.161798] cloud-init[1371]:     from . import urllib3
[    9.162762] cloud-init[1371]: ImportError: cannot import name 'urllib3'
[    9.163798] cloud-init[1371]: During handling of the above exception, another exception occurred:
[    9.165183] cloud-init[1371]: Traceback (most recent call last):
[    9.166303] cloud-init[1371]:   File "/usr/bin/cloud-init", line 9, in <module>
[    9.167517] cloud-init[1371]:     load_entry_point('cloud-init==20.4', 'console_scripts', 'cloud-init')()
[    9.168974] cloud-init[1371]:   File "/usr/lib/python3/dist-packages/pkg_resources/__init__.py", line 542, in load_entry_point
[    9.170631] cloud-init[1371]:     return get_distribution(dist).load_entry_point(group, name)
[    9.171824] cloud-init[1371]:   File "/usr/lib/python3/dist-packages/pkg_resources/__init__.py", line 2569, in load_entry_point
[    9.173467] cloud-init[1371]:     return ep.load()
[    9.174337] cloud-init[1371]:   File "/usr/lib/python3/dist-packages/pkg_resources/__init__.py", line 2229, in load
[    9.175923] cloud-init[1371]:     return self.resolve()
[    9.176790] cloud-init[1371]:   File "/usr/lib/python3/dist-packages/pkg_resources/__init__.py", line 2235, in resolve
[    9.178423] [[0;1;31mFAILED[0m] Failed to start Execute cloud user/final scripts.
See 'systemctl status cloud-final.service' for details.
[[0;32m  OK  [0m] Reached target Cloud-init target.
cloud-init[1371]:     module = __import__(self.module_name, fromlist=['__name__'], level=0)
[    9.182045] cloud-init[1371]:   File "/usr/lib/python3/dist-packages/cloudinit/cmd/main.py", line 26, in <module>
[    9.193844] cloud-init[1371]:     from cloudinit import netinfo
[    9.194855] cloud-init[1371]:   File "/usr/lib/python3/dist-packages/cloudinit/netinfo.py", line 15, in <module>
[    9.196251] cloud-init[1371]:     from cloudinit.net.network_state import net_prefix_to_ipv4_mask
[    9.197398] cloud-init[1371]:   File "/usr/lib/python3/dist-packages/cloudinit/net/__init__.py", line 15, in <module>
[    9.198715] cloud-init[1371]:     from cloudinit import util
[    9.199552] cloud-init[1371]:   File "/usr/lib/python3/dist-packages/cloudinit/util.py", line 42, in <module>
[    9.200791] cloud-init[1371]:     from cloudinit import (
[    9.201621] cloud-init[1371]:   File "/usr/lib/python3/dist-packages/cloudinit/url_helper.py", line 22, in <module>
[    9.202871] cloud-init[1371]:     import requests
[    9.203642] cloud-init[1371]:   File "/usr/lib/python3/dist-packages/requests/__init__.py", line 58, in <module>
[    9.206067] cloud-init[1371]:     from . import utils
[    9.207217] cloud-init[1371]:   File "/usr/lib/python3/dist-packages/requests/utils.py", line 26, in <module>
[    9.208339] cloud-init[1371]:     from .compat import parse_http_list as _parse_list_header
[    9.209305] cloud-init[1371]:   File "/usr/lib/python3/dist-packages/requests/compat.py", line 7, in <module>
[    9.210273] cloud-init[1371]:     from .packages import chardet
[    9.210934] cloud-init[1371]:   File "/usr/lib/python3/dist-packages/requests/packages/__init__.py", line 29, in <module>
[    9.212092] cloud-init[1371]:     import urllib3
[    9.212633] cloud-init[1371]: ImportError: No module named 'urllib3'

Ubuntu 16.04.7 LTS ubuntu-xenial ttyS0

ubuntu-xenial login: 